<?xml version="1.0" encoding="UTF-8"?>
<!-- Generated by org.testng.reporters.JUnitReportReporter -->
<testsuite skipped="0" hostname="LAPTOP-QNDHI2U3" name="SeleniumDemo.GmailExample" tests="1" failures="0" timestamp="2023-05-11T15:16:12 IST" time="10.666" errors="0">
  <testcase name="testCase1" time="10.666" classname="SeleniumDemo.GmailExample"/>
  <system-out/>
</testsuite> <!-- SeleniumDemo.GmailExample -->
