<?xml version="1.0" encoding="UTF-8"?>
<!-- Generated by org.testng.reporters.JUnitReportReporter -->
<testsuite skipped="0" hostname="LAPTOP-QNDHI2U3" name="SeleniumDemo.AllLinksDemo" tests="1" failures="0" timestamp="2023-05-10T09:40:59 IST" time="19.343" errors="0">
  <testcase name="testCase1" time="19.343" classname="SeleniumDemo.AllLinksDemo"/>
  <system-out/>
</testsuite> <!-- SeleniumDemo.AllLinksDemo -->
