<?xml version="1.0" encoding="UTF-8"?>
<!-- Generated by org.testng.reporters.JUnitReportReporter -->
<testsuite skipped="0" hostname="LAPTOP-QNDHI2U3" name="SeleniumDemo.ScrollBarDemo" tests="1" failures="0" timestamp="2023-05-11T16:29:25 IST" time="8.981" errors="0">
  <testcase name="testCase1" time="8.981" classname="SeleniumDemo.ScrollBarDemo"/>
  <system-out/>
</testsuite> <!-- SeleniumDemo.ScrollBarDemo -->
