<?xml version="1.0" encoding="UTF-8"?>
<!-- Generated by org.testng.reporters.JUnitReportReporter -->
<testsuite skipped="0" hostname="LAPTOP-QNDHI2U3" name="SeleniumDemo.NavigateBackAndForward" tests="1" failures="0" timestamp="2023-05-09T14:08:56 IST" time="44.375" errors="0">
  <testcase name="testCase1" time="44.375" classname="SeleniumDemo.NavigateBackAndForward"/>
  <system-out/>
</testsuite> <!-- SeleniumDemo.NavigateBackAndForward -->
