<?xml version="1.0" encoding="UTF-8"?>
<!-- Generated by org.testng.reporters.JUnitReportReporter -->
<testsuite skipped="0" hostname="LAPTOP-QNDHI2U3" name="SeleniumDemo.JQueryUIExampleFrames" tests="1" failures="0" timestamp="2023-05-10T11:37:10 IST" time="8.490" errors="0">
  <testcase name="testCase1" time="8.490" classname="SeleniumDemo.JQueryUIExampleFrames"/>
  <system-out/>
</testsuite> <!-- SeleniumDemo.JQueryUIExampleFrames -->
