<?xml version="1.0" encoding="UTF-8"?>
<!-- Generated by org.testng.reporters.JUnitReportReporter -->
<testsuite skipped="0" hostname="LAPTOP-QNDHI2U3" name="SeleniumDemo.AutoSuggestElements" tests="1" failures="0" timestamp="2023-05-31T23:29:05 IST" time="15.141" errors="0">
  <testcase name="testCase1" time="15.141" classname="SeleniumDemo.AutoSuggestElements"/>
  <system-out/>
</testsuite> <!-- SeleniumDemo.AutoSuggestElements -->
