<?xml version="1.0" encoding="UTF-8"?>
<!-- Generated by org.testng.reporters.JUnitReportReporter -->
<testsuite skipped="0" hostname="LAPTOP-QNDHI2U3" name="SeleniumDemo.TakeScreenShot" tests="1" failures="0" timestamp="2023-05-09T12:46:29 IST" time="8.690" errors="0">
  <testcase name="testCase1" time="8.690" classname="SeleniumDemo.TakeScreenShot"/>
  <system-out/>
</testsuite> <!-- SeleniumDemo.TakeScreenShot -->
