<?xml version="1.0" encoding="UTF-8"?>
<!-- Generated by org.testng.reporters.JUnitReportReporter -->
<testsuite skipped="0" hostname="LAPTOP-QNDHI2U3" name="SeleniumDemo.WorkWithBrowser" tests="1" failures="0" timestamp="2023-05-09T08:56:47 IST" time="11.343" errors="0">
  <testcase name="workWithBrows" time="11.343" classname="SeleniumDemo.WorkWithBrowser"/>
  <system-out/>
</testsuite> <!-- SeleniumDemo.WorkWithBrowser -->
