<?xml version="1.0" encoding="UTF-8"?>
<!-- Generated by org.testng.reporters.JUnitReportReporter -->
<testsuite skipped="0" hostname="LAPTOP-QNDHI2U3" name="SeleniumDemo.WorkWithTabsAndWindows" tests="1" failures="0" timestamp="2023-05-11T12:11:41 IST" time="20.679" errors="0">
  <testcase name="testCase1" time="20.679" classname="SeleniumDemo.WorkWithTabsAndWindows"/>
  <system-out/>
</testsuite> <!-- SeleniumDemo.WorkWithTabsAndWindows -->
