<?xml version="1.0" encoding="UTF-8"?>
<!-- Generated by org.testng.reporters.JUnitReportReporter -->
<testsuite skipped="0" hostname="LAPTOP-QNDHI2U3" name="SeleniumDemo.JavaScriptExecutor" tests="1" failures="0" timestamp="2023-05-11T11:30:23 IST" time="5.918" errors="0">
  <testcase name="testCase1" time="5.918" classname="SeleniumDemo.JavaScriptExecutor"/>
  <system-out/>
</testsuite> <!-- SeleniumDemo.JavaScriptExecutor -->
