<?xml version="1.0" encoding="UTF-8"?>
<!-- Generated by org.testng.reporters.JUnitReportReporter -->
<testsuite skipped="0" hostname="LAPTOP-QNDHI2U3" name="SeleniumDemo.ActionsDemo" tests="1" failures="0" timestamp="2023-05-11T12:46:16 IST" time="18.899" errors="0">
  <testcase name="testCase1" time="18.899" classname="SeleniumDemo.ActionsDemo"/>
  <system-out/>
</testsuite> <!-- SeleniumDemo.ActionsDemo -->
