<?xml version="1.0" encoding="UTF-8"?>
<!-- Generated by org.testng.reporters.JUnitReportReporter -->
<testsuite skipped="0" hostname="LAPTOP-QNDHI2U3" name="SeleniumDemo.AlertDemo" tests="1" failures="0" timestamp="2023-05-31T23:27:00 IST" time="6.961" errors="0">
  <testcase name="testCase1" time="6.961" classname="SeleniumDemo.AlertDemo"/>
  <system-out/>
</testsuite> <!-- SeleniumDemo.AlertDemo -->
