<?xml version="1.0" encoding="UTF-8"?>
<!-- Generated by org.testng.reporters.JUnitReportReporter -->
<testsuite skipped="0" hostname="LAPTOP-QNDHI2U3" name="SeleniumDemo.StaleElementException" tests="1" failures="0" timestamp="2023-05-11T10:12:37 IST" time="34.022" errors="0">
  <testcase name="testCase1" time="34.022" classname="SeleniumDemo.StaleElementException"/>
  <system-out/>
</testsuite> <!-- SeleniumDemo.StaleElementException -->
