<?xml version="1.0" encoding="UTF-8"?>
<!-- Generated by org.testng.reporters.JUnitReportReporter -->
<testsuite skipped="0" hostname="LAPTOP-QNDHI2U3" name="SeleniumDemo.WebTableDemo" tests="1" failures="0" timestamp="2023-05-10T10:15:39 IST" time="130.842" errors="0">
  <testcase name="testCase1" time="130.842" classname="SeleniumDemo.WebTableDemo"/>
  <system-out/>
</testsuite> <!-- SeleniumDemo.WebTableDemo -->
