<?xml version="1.0" encoding="UTF-8"?>
<!-- Generated by org.testng.reporters.JUnitReportReporter -->
<testsuite skipped="0" hostname="LAPTOP-QNDHI2U3" name="JavaConcepts.WorkWithProperties" tests="1" failures="0" timestamp="2023-05-10T17:40:48 IST" time="0.011" errors="0">
  <testcase name="workWithprop" time="0.011" classname="JavaConcepts.WorkWithProperties"/>
  <system-out/>
</testsuite> <!-- JavaConcepts.WorkWithProperties -->
