<?xml version="1.0" encoding="UTF-8"?>
<!-- Generated by org.testng.reporters.JUnitReportReporter -->
<testsuite skipped="0" hostname="LAPTOP-QNDHI2U3" name="SeleniumDemo.UploadFileUsingSikuli" tests="1" failures="0" timestamp="2023-05-11T14:57:49 IST" time="11.066" errors="0">
  <testcase name="testCase1" time="11.066" classname="SeleniumDemo.UploadFileUsingSikuli"/>
  <system-out/>
</testsuite> <!-- SeleniumDemo.UploadFileUsingSikuli -->
