<?xml version="1.0" encoding="UTF-8"?>
<!-- Generated by org.testng.reporters.JUnitReportReporter -->
<testsuite skipped="0" hostname="LAPTOP-QNDHI2U3" name="SeleniumDemo.DragAndDropDemo" tests="1" failures="0" timestamp="2023-05-11T12:55:48 IST" time="6.470" errors="0">
  <testcase name="testCase1" time="6.470" classname="SeleniumDemo.DragAndDropDemo"/>
  <system-out/>
</testsuite> <!-- SeleniumDemo.DragAndDropDemo -->
